<?xml version="1.0" encoding="UTF-8"?>
<testng-results skipped="0" failed="0" ignored="0" total="4" passed="4">
  <reporter-output>
  </reporter-output>
  <suite name="Suite" duration-ms="68694" started-at="2021-10-13T10:00:07Z" finished-at="2021-10-13T10:01:16Z">
    <groups>
    </groups>
    <test name="Test1" duration-ms="43" started-at="2021-10-13T10:00:07Z" finished-at="2021-10-13T10:00:08Z">
      <class name="appTests.AppTest">
        <test-method status="PASS" signature="loginTest()[pri:0, instance:appTests.AppTest@78b729e6]" name="loginTest" duration-ms="14" started-at="2021-10-13T10:00:07Z" description="Login with valid details" finished-at="2021-10-13T10:00:08Z">
          <reporter-output>
          </reporter-output>
        </test-method> <!-- loginTest -->
        <test-method status="PASS" signature="loginTestInvalid()[pri:0, instance:appTests.AppTest@78b729e6]" name="loginTestInvalid" duration-ms="1" started-at="2021-10-13T10:00:08Z" description="Login with invalid details" finished-at="2021-10-13T10:00:08Z">
          <reporter-output>
          </reporter-output>
        </test-method> <!-- loginTestInvalid -->
      </class> <!-- appTests.AppTest -->
    </test> <!-- Test1 -->
    <test name="Test2" duration-ms="0" started-at="2021-10-13T10:00:08Z" finished-at="2021-10-13T10:00:08Z">
      <class name="appTests.NumberComparison">
        <test-method status="PASS" signature="intComparison()[pri:0, instance:appTests.NumberComparison@78e94dcf]" name="intComparison" duration-ms="0" started-at="2021-10-13T10:00:08Z" finished-at="2021-10-13T10:00:08Z">
          <reporter-output>
          </reporter-output>
        </test-method> <!-- intComparison -->
      </class> <!-- appTests.NumberComparison -->
    </test> <!-- Test2 -->
    <test name="Test3" duration-ms="68591" started-at="2021-10-13T10:00:08Z" finished-at="2021-10-13T10:01:16Z">
      <class name="appTests.SeleniumDev">
        <test-method status="PASS" signature="beforeTest()[pri:0, instance:appTests.SeleniumDev@4278a03f]" name="beforeTest" is-config="true" duration-ms="30486" started-at="2021-10-13T10:00:08Z" finished-at="2021-10-13T10:00:38Z">
          <reporter-output>
          </reporter-output>
        </test-method> <!-- beforeTest -->
        <test-method status="PASS" signature="titleTest()[pri:0, instance:appTests.SeleniumDev@4278a03f]" name="titleTest" duration-ms="27087" started-at="2021-10-13T10:00:38Z" finished-at="2021-10-13T10:01:05Z">
          <reporter-output>
          </reporter-output>
        </test-method> <!-- titleTest -->
        <test-method status="PASS" signature="afterTest()[pri:0, instance:appTests.SeleniumDev@4278a03f]" name="afterTest" is-config="true" duration-ms="11016" started-at="2021-10-13T10:01:05Z" finished-at="2021-10-13T10:01:16Z">
          <reporter-output>
          </reporter-output>
        </test-method> <!-- afterTest -->
      </class> <!-- appTests.SeleniumDev -->
    </test> <!-- Test3 -->
  </suite> <!-- Suite -->
</testng-results>
