<?xml version="1.0" encoding="UTF-8"?>
<testng-results skipped="0" failed="0" ignored="0" total="1" passed="1">
  <reporter-output>
  </reporter-output>
  <suite name="Default suite" duration-ms="72628" started-at="2021-10-13T15:11:38 IST" finished-at="2021-10-13T15:12:51 IST">
    <groups>
    </groups>
    <test name="Default test" duration-ms="72628" started-at="2021-10-13T15:11:38 IST" finished-at="2021-10-13T15:12:51 IST">
      <class name="appTests.SeleniumDev">
        <test-method status="PASS" signature="beforeTest()[pri:0, instance:appTests.SeleniumDev@1a8a8f7c]" name="beforeTest" is-config="true" duration-ms="31883" started-at="2021-10-13T15:11:38 IST" finished-at="2021-10-13T15:12:10 IST">
          <reporter-output>
          </reporter-output>
        </test-method> <!-- beforeTest -->
        <test-method status="PASS" signature="titleTest()[pri:0, instance:appTests.SeleniumDev@1a8a8f7c]" name="titleTest" duration-ms="26745" started-at="2021-10-13T15:12:10 IST" finished-at="2021-10-13T15:12:37 IST">
          <reporter-output>
          </reporter-output>
        </test-method> <!-- titleTest -->
        <test-method status="PASS" signature="afterTest()[pri:0, instance:appTests.SeleniumDev@1a8a8f7c]" name="afterTest" is-config="true" duration-ms="13930" started-at="2021-10-13T15:12:37 IST" finished-at="2021-10-13T15:12:51 IST">
          <reporter-output>
          </reporter-output>
        </test-method> <!-- afterTest -->
      </class> <!-- appTests.SeleniumDev -->
    </test> <!-- Default test -->
  </suite> <!-- Default suite -->
</testng-results>
